<?xml version="1.0" encoding="UTF-8"?>
<!-- Generated by org.testng.reporters.JUnitXMLReporter -->
<testsuite ignored="0" hostname="LAPTOP-GD46SI53" failures="0" tests="7" name="LinuxfirefoxTest" time="79.018" errors="0" timestamp="2025-11-27T22:12:52 IST">
  <testcase classname="bridgelabz.TestClasses.RegistrationTest" name="verify_Registeration_With_Valid_Data" time="2.599"/>
  <testcase classname="bridgelabz.TestClasses.LoginTest" name="verify_Login_With_Valid_And_InValid_Credentials" time="2.025"/>
  <testcase classname="bridgelabz.TestClasses.LoginTest" name="verify_Login_With_Valid_And_InValid_Credentials" time="20.809"/>
  <testcase classname="bridgelabz.TestClasses.LoginTest" name="verify_Login_With_Valid_And_InValid_Credentials" time="21.219"/>
  <testcase classname="bridgelabz.TestClasses.LoginTest" name="verify_Login_With_Valid_And_InValid_Credentials" time="21.262"/>
  <testcase classname="bridgelabz.TestClasses.LoginTest" name="verify_Login_With_Valid_And_InValid_Credentials" time="1.613"/>
  <testcase classname="bridgelabz.TestClasses.LoginTest" name="verify_Login_With_Valid_Credentials" time="1.297"/>
</testsuite> <!-- LinuxfirefoxTest -->
