<?xml version="1.0" encoding="UTF-8"?>
<!-- Generated by org.testng.reporters.JUnitXMLReporter -->
<testsuite ignored="0" hostname="LAPTOP-GD46SI53" failures="1" tests="9" name="Test" time="135.766" errors="0" timestamp="2025-12-15T23:05:02 IST">
  <testcase classname="bridgelabz.TestClasses.RegistrationTest" name="verify_Registeration_With_Valid_Data" time="2.903"/>
  <testcase classname="bridgelabz.TestClasses.LoginTest" name="verify_Login_With_Valid_And_InValid_Credentials" time="1.614"/>
  <testcase classname="bridgelabz.TestClasses.LoginTest" name="verify_Login_With_Valid_And_InValid_Credentials" time="21.123"/>
  <testcase classname="bridgelabz.TestClasses.LoginTest" name="verify_Login_With_Valid_And_InValid_Credentials" time="20.718"/>
  <testcase classname="bridgelabz.TestClasses.LoginTest" name="verify_Login_With_Valid_And_InValid_Credentials" time="20.677"/>
  <testcase classname="bridgelabz.TestClasses.LoginTest" name="verify_Login_With_Valid_And_InValid_Credentials" time="1.439"/>
  <testcase classname="bridgelabz.TestClasses.LoginTest" name="verify_Login_With_Valid_Credentials" time="20.678">
    <skipped/>
  </testcase> <!-- verify_Login_With_Valid_Credentials -->
  <testcase classname="bridgelabz.TestClasses.LoginTest" name="verify_Login_With_Valid_Credentials" time="20.676">
    <skipped/>
  </testcase> <!-- verify_Login_With_Valid_Credentials -->
  <testcase classname="bridgelabz.TestClasses.LoginTest" name="verify_Login_With_Valid_Credentials" time="20.844">
    <failure type="java.lang.AssertionError" message="expected [true] but found [false]">
      <![CDATA[java.lang.AssertionError: expected [true] but found [false]
at bridgelabz.TestClasses.LoginTest.verify_Login_With_Valid_Credentials(LoginTest.java:23)
at java.base/java.util.ArrayList.forEach(ArrayList.java:1511)
... Removed 29 stack frames]]>
    </failure>
  </testcase> <!-- verify_Login_With_Valid_Credentials -->
</testsuite> <!-- Test -->
