<?xml version="1.0" encoding="UTF-8"?>
<testng-results ignored="0" total="7" passed="7" failed="0" skipped="0">
  <reporter-output>
  </reporter-output>
  <suite started-at="2025-11-28T12:03:52 IST" name="Suite" finished-at="2025-11-28T12:05:17 IST" duration-ms="84563">
    <groups>
      <group name="datadriven">
        <method signature="LoginTest.verify_Login_With_Valid_And_InValid_Credentials(java.lang.String,java.lang.String,java.lang.String)[pri:0, instance:bridgelabz.TestClasses.LoginTest@4efbca5a]" name="verify_Login_With_Valid_And_InValid_Credentials" class="bridgelabz.TestClasses.LoginTest"/>
      </group> <!-- datadriven -->
      <group name="functional">
        <method signature="LoginTest.verify_Login_With_Valid_Credentials()[pri:0, instance:bridgelabz.TestClasses.LoginTest@4efbca5a]" name="verify_Login_With_Valid_Credentials" class="bridgelabz.TestClasses.LoginTest"/>
        <method signature="RegistrationTest.verify_Registeration_With_Valid_Data()[pri:0, instance:bridgelabz.TestClasses.RegistrationTest@4550bb58]" name="verify_Registeration_With_Valid_Data" class="bridgelabz.TestClasses.RegistrationTest"/>
      </group> <!-- functional -->
      <group name="smoke">
        <method signature="RegistrationTest.verify_Registeration_With_Valid_Data()[pri:0, instance:bridgelabz.TestClasses.RegistrationTest@4550bb58]" name="verify_Registeration_With_Valid_Data" class="bridgelabz.TestClasses.RegistrationTest"/>
      </group> <!-- smoke -->
      <group name="sanity">
        <method signature="LoginTest.verify_Login_With_Valid_Credentials()[pri:0, instance:bridgelabz.TestClasses.LoginTest@4efbca5a]" name="verify_Login_With_Valid_Credentials" class="bridgelabz.TestClasses.LoginTest"/>
      </group> <!-- sanity -->
    </groups>
    <test started-at="2025-11-28T12:03:52 IST" name="Test" finished-at="2025-11-28T12:05:17 IST" duration-ms="84563">
      <class name="bridgelabz.TestClasses.LoginTest">
        <test-method is-config="true" signature="setUp(java.lang.String,java.lang.String)[pri:0, instance:bridgelabz.TestClasses.LoginTest@4efbca5a]" started-at="2025-11-28T12:03:58 IST" name="setUp" finished-at="2025-11-28T12:04:00 IST" duration-ms="1737" status="PASS">
          <params>
            <param index="0">
              <value>
                <![CDATA[windows]]>
              </value>
            </param>
            <param index="1">
              <value>
                <![CDATA[edge]]>
              </value>
            </param>
          </params>
          <reporter-output>
          </reporter-output>
        </test-method> <!-- setUp -->
        <test-method signature="verify_Login_With_Valid_And_InValid_Credentials(java.lang.String,java.lang.String,java.lang.String)[pri:0, instance:bridgelabz.TestClasses.LoginTest@4efbca5a]" started-at="2025-11-28T12:04:01 IST" name="verify_Login_With_Valid_And_InValid_Credentials" data-provider="logindata" finished-at="2025-11-28T12:04:03 IST" duration-ms="2658" status="PASS">
          <params>
            <param index="0">
              <value>
                <![CDATA[kseetaramaraju1@gmail.com]]>
              </value>
            </param>
            <param index="1">
              <value>
                <![CDATA[Seeta@123]]>
              </value>
            </param>
            <param index="2">
              <value>
                <![CDATA[valid]]>
              </value>
            </param>
          </params>
          <reporter-output>
          </reporter-output>
        </test-method> <!-- verify_Login_With_Valid_And_InValid_Credentials -->
        <test-method signature="verify_Login_With_Valid_And_InValid_Credentials(java.lang.String,java.lang.String,java.lang.String)[pri:0, instance:bridgelabz.TestClasses.LoginTest@4efbca5a]" started-at="2025-11-28T12:04:03 IST" name="verify_Login_With_Valid_And_InValid_Credentials" data-provider="logindata" finished-at="2025-11-28T12:04:25 IST" duration-ms="22001" status="PASS">
          <params>
            <param index="0">
              <value>
                <![CDATA[money99@gmail.com]]>
              </value>
            </param>
            <param index="1">
              <value>
                <![CDATA[money]]>
              </value>
            </param>
            <param index="2">
              <value>
                <![CDATA[Invalid]]>
              </value>
            </param>
          </params>
          <reporter-output>
          </reporter-output>
        </test-method> <!-- verify_Login_With_Valid_And_InValid_Credentials -->
        <test-method signature="verify_Login_With_Valid_And_InValid_Credentials(java.lang.String,java.lang.String,java.lang.String)[pri:0, instance:bridgelabz.TestClasses.LoginTest@4efbca5a]" started-at="2025-11-28T12:04:25 IST" name="verify_Login_With_Valid_And_InValid_Credentials" data-provider="logindata" finished-at="2025-11-28T12:04:47 IST" duration-ms="21880" status="PASS">
          <params>
            <param index="0">
              <value>
                <![CDATA[keyboard88@gmail.com]]>
              </value>
            </param>
            <param index="1">
              <value>
                <![CDATA[keyboard]]>
              </value>
            </param>
            <param index="2">
              <value>
                <![CDATA[Invalid]]>
              </value>
            </param>
          </params>
          <reporter-output>
          </reporter-output>
        </test-method> <!-- verify_Login_With_Valid_And_InValid_Credentials -->
        <test-method signature="verify_Login_With_Valid_And_InValid_Credentials(java.lang.String,java.lang.String,java.lang.String)[pri:0, instance:bridgelabz.TestClasses.LoginTest@4efbca5a]" started-at="2025-11-28T12:04:47 IST" name="verify_Login_With_Valid_And_InValid_Credentials" data-provider="logindata" finished-at="2025-11-28T12:05:09 IST" duration-ms="21838" status="PASS">
          <params>
            <param index="0">
              <value>
                <![CDATA[monitor66@gmail.com]]>
              </value>
            </param>
            <param index="1">
              <value>
                <![CDATA[monitor]]>
              </value>
            </param>
            <param index="2">
              <value>
                <![CDATA[Invalid]]>
              </value>
            </param>
          </params>
          <reporter-output>
          </reporter-output>
        </test-method> <!-- verify_Login_With_Valid_And_InValid_Credentials -->
        <test-method signature="verify_Login_With_Valid_And_InValid_Credentials(java.lang.String,java.lang.String,java.lang.String)[pri:0, instance:bridgelabz.TestClasses.LoginTest@4efbca5a]" started-at="2025-11-28T12:05:09 IST" name="verify_Login_With_Valid_And_InValid_Credentials" data-provider="logindata" finished-at="2025-11-28T12:05:13 IST" duration-ms="4233" status="PASS">
          <params>
            <param index="0">
              <value>
                <![CDATA[venu123@gmail.com]]>
              </value>
            </param>
            <param index="1">
              <value>
                <![CDATA[Venu@123]]>
              </value>
            </param>
            <param index="2">
              <value>
                <![CDATA[valid]]>
              </value>
            </param>
          </params>
          <reporter-output>
          </reporter-output>
        </test-method> <!-- verify_Login_With_Valid_And_InValid_Credentials -->
        <test-method signature="verify_Login_With_Valid_Credentials()[pri:0, instance:bridgelabz.TestClasses.LoginTest@4efbca5a]" started-at="2025-11-28T12:05:13 IST" name="verify_Login_With_Valid_Credentials" finished-at="2025-11-28T12:05:16 IST" duration-ms="3151" status="PASS">
          <reporter-output>
          </reporter-output>
        </test-method> <!-- verify_Login_With_Valid_Credentials -->
        <test-method is-config="true" signature="tearDown()[pri:0, instance:bridgelabz.TestClasses.LoginTest@4efbca5a]" started-at="2025-11-28T12:05:16 IST" name="tearDown" finished-at="2025-11-28T12:05:17 IST" duration-ms="380" status="PASS">
          <reporter-output>
          </reporter-output>
        </test-method> <!-- tearDown -->
      </class> <!-- bridgelabz.TestClasses.LoginTest -->
      <class name="bridgelabz.TestClasses.RegistrationTest">
        <test-method is-config="true" signature="setUp(java.lang.String,java.lang.String)[pri:0, instance:bridgelabz.TestClasses.RegistrationTest@4550bb58]" started-at="2025-11-28T12:03:52 IST" name="setUp" finished-at="2025-11-28T12:03:54 IST" duration-ms="2082" status="PASS">
          <params>
            <param index="0">
              <value>
                <![CDATA[windows]]>
              </value>
            </param>
            <param index="1">
              <value>
                <![CDATA[edge]]>
              </value>
            </param>
          </params>
          <reporter-output>
          </reporter-output>
        </test-method> <!-- setUp -->
        <test-method signature="verify_Registeration_With_Valid_Data()[pri:0, instance:bridgelabz.TestClasses.RegistrationTest@4550bb58]" started-at="2025-11-28T12:03:54 IST" name="verify_Registeration_With_Valid_Data" finished-at="2025-11-28T12:03:58 IST" duration-ms="3588" status="PASS">
          <reporter-output>
          </reporter-output>
        </test-method> <!-- verify_Registeration_With_Valid_Data -->
        <test-method is-config="true" signature="tearDown()[pri:0, instance:bridgelabz.TestClasses.RegistrationTest@4550bb58]" started-at="2025-11-28T12:03:58 IST" name="tearDown" finished-at="2025-11-28T12:03:58 IST" duration-ms="206" status="PASS">
          <reporter-output>
          </reporter-output>
        </test-method> <!-- tearDown -->
      </class> <!-- bridgelabz.TestClasses.RegistrationTest -->
    </test> <!-- Test -->
  </suite> <!-- Suite -->
</testng-results>
