<?xml version="1.0" encoding="UTF-8"?>
<!-- Generated by org.testng.reporters.JUnitReportReporter -->
<testsuite hostname="LAPTOP-GD46SI53" failures="0" tests="12" name="bridgelabz.TestClasses.LoginTest" time="139.318" errors="0" timestamp="2025-11-27T22:12:52 IST" skipped="0">
  <testcase classname="bridgelabz.TestClasses.LoginTest" name="verify_Login_With_Valid_And_InValid_Credentials" time="21.262"/>
  <testcase classname="bridgelabz.TestClasses.LoginTest" name="verify_Login_With_Valid_And_InValid_Credentials" time="21.396"/>
  <testcase classname="bridgelabz.TestClasses.LoginTest" name="verify_Login_With_Valid_And_InValid_Credentials" time="21.776"/>
  <testcase classname="bridgelabz.TestClasses.LoginTest" name="verify_Login_With_Valid_And_InValid_Credentials" time="21.219"/>
  <testcase classname="bridgelabz.TestClasses.LoginTest" name="verify_Login_With_Valid_And_InValid_Credentials" time="21.325"/>
  <testcase classname="bridgelabz.TestClasses.LoginTest" name="verify_Login_With_Valid_And_InValid_Credentials" time="2.025"/>
  <testcase classname="bridgelabz.TestClasses.LoginTest" name="verify_Login_With_Valid_And_InValid_Credentials" time="20.809"/>
  <testcase classname="bridgelabz.TestClasses.LoginTest" name="verify_Login_With_Valid_And_InValid_Credentials" time="1.613"/>
  <testcase classname="bridgelabz.TestClasses.LoginTest" name="verify_Login_With_Valid_And_InValid_Credentials" time="2.704"/>
  <testcase classname="bridgelabz.TestClasses.LoginTest" name="verify_Login_With_Valid_Credentials" time="1.297"/>
  <testcase classname="bridgelabz.TestClasses.LoginTest" name="verify_Login_With_Valid_Credentials" time="1.665"/>
  <testcase classname="bridgelabz.TestClasses.LoginTest" name="verify_Login_With_Valid_And_InValid_Credentials" time="2.227"/>
</testsuite> <!-- bridgelabz.TestClasses.LoginTest -->
