<?xml version="1.0" encoding="UTF-8"?>
<!-- Generated by org.testng.reporters.JUnitReportReporter -->
<testsuite hostname="LAPTOP-GD46SI53" failures="0" tests="2" name="bridgelabz.TestClasses.RegistrationTest" time="6.910" errors="0" timestamp="2025-11-27T22:12:52 IST" skipped="0">
  <testcase classname="bridgelabz.TestClasses.RegistrationTest" name="verify_Registeration_With_Valid_Data" time="2.599"/>
  <testcase classname="bridgelabz.TestClasses.RegistrationTest" name="verify_Registeration_With_Valid_Data" time="4.311"/>
</testsuite> <!-- bridgelabz.TestClasses.RegistrationTest -->
