<?xml version="1.0" encoding="UTF-8"?>
<!-- Generated by org.testng.reporters.JUnitReportReporter -->
<testsuite hostname="LAPTOP-GD46SI53" failures="0" tests="2" name="bridgelabz.TestClasses.RegistrationTest" time="5.923" errors="0" timestamp="2025-12-18T17:24:02 IST" skipped="0">
  <testcase classname="bridgelabz.TestClasses.RegistrationTest" name="verify_Registeration_With_Valid_Data" time="3.332"/>
  <testcase classname="bridgelabz.TestClasses.RegistrationTest" name="verify_Registeration_With_Valid_Data" time="2.591"/>
</testsuite> <!-- bridgelabz.TestClasses.RegistrationTest -->
