<?xml version="1.0" encoding="UTF-8"?>
<!-- Generated by org.testng.reporters.JUnitReportReporter -->
<testsuite hostname="LAPTOP-GD46SI53" failures="0" tests="6" name="bridgelabz.TestClasses.LoginTest" time="75.761" errors="0" timestamp="2025-11-28T12:05:17 IST" skipped="0">
  <testcase classname="bridgelabz.TestClasses.LoginTest" name="verify_Login_With_Valid_And_InValid_Credentials" time="2.658"/>
  <testcase classname="bridgelabz.TestClasses.LoginTest" name="verify_Login_With_Valid_And_InValid_Credentials" time="4.233"/>
  <testcase classname="bridgelabz.TestClasses.LoginTest" name="verify_Login_With_Valid_And_InValid_Credentials" time="21.838"/>
  <testcase classname="bridgelabz.TestClasses.LoginTest" name="verify_Login_With_Valid_And_InValid_Credentials" time="21.880"/>
  <testcase classname="bridgelabz.TestClasses.LoginTest" name="verify_Login_With_Valid_And_InValid_Credentials" time="22.001"/>
  <testcase classname="bridgelabz.TestClasses.LoginTest" name="verify_Login_With_Valid_Credentials" time="3.151"/>
</testsuite> <!-- bridgelabz.TestClasses.LoginTest -->
