<?xml version="1.0" encoding="UTF-8"?>
<!-- Generated by org.testng.reporters.JUnitReportReporter -->
<testsuite hostname="LAPTOP-GD46SI53" failures="0" tests="6" name="bridgelabz.TestClasses.LoginTest" time="67.634" errors="0" timestamp="2025-12-21T22:25:08 IST" skipped="0">
  <testcase classname="bridgelabz.TestClasses.LoginTest" name="verify_Login_With_Valid_And_InValid_Credentials" time="20.645"/>
  <testcase classname="bridgelabz.TestClasses.LoginTest" name="verify_Login_With_Valid_And_InValid_Credentials" time="20.670"/>
  <testcase classname="bridgelabz.TestClasses.LoginTest" name="verify_Login_With_Valid_Credentials" time="1.319"/>
  <testcase classname="bridgelabz.TestClasses.LoginTest" name="verify_Login_With_Valid_And_InValid_Credentials" time="2.634"/>
  <testcase classname="bridgelabz.TestClasses.LoginTest" name="verify_Login_With_Valid_And_InValid_Credentials" time="20.738"/>
  <testcase classname="bridgelabz.TestClasses.LoginTest" name="verify_Login_With_Valid_And_InValid_Credentials" time="1.628"/>
</testsuite> <!-- bridgelabz.TestClasses.LoginTest -->
